WARNING: A terminally deprecated method in sun.misc.Unsafe has been called
WARNING: sun.misc.Unsafe::staticFieldBase has been called by com.google.inject.internal.aop.HiddenClassDefiner (file:/D:/Maven/apache-maven-3.9.11/lib/guice-5.1.0-classes.jar)
WARNING: Please consider reporting this to the maintainers of class com.google.inject.internal.aop.HiddenClassDefiner
WARNING: sun.misc.Unsafe::staticFieldBase will be removed in a future release
[INFO] Error stacktraces are turned on.
[INFO] Scanning for projects...
[ERROR] [ERROR] Some problems were encountered while processing the POMs:
[ERROR] Malformed POM d:\VSC\KTPM\Assignment 2\KTPM\product-management-system\product-management-system\backend\pom.xml: Unrecognised tag: 'dependency' (position: START_TAG seen ...</build>\n\n    <dependency>... @74:17)  @ d:\VSC\KTPM\Assignment 2\KTPM\product-management-system\product-management-system\backend\pom.xml, line 74, column 17
 @ 
[ERROR] The build could not read 1 project -> [Help 1]
org.apache.maven.project.ProjectBuildingException: Some problems were encountered while processing the POMs:
[ERROR] Malformed POM d:\VSC\KTPM\Assignment 2\KTPM\product-management-system\product-management-system\backend\pom.xml: Unrecognised tag: 'dependency' (position: START_TAG seen ...</build>\n\n    <dependency>... @74:17)  @ d:\VSC\KTPM\Assignment 2\KTPM\product-management-system\product-management-system\backend\pom.xml, line 74, column 17

    at org.apache.maven.project.DefaultProjectBuilder.build (DefaultProjectBuilder.java:389)
    at org.apache.maven.graph.DefaultGraphBuilder.collectProjects (DefaultGraphBuilder.java:351)
    at org.apache.maven.graph.DefaultGraphBuilder.getProjectsForMavenReactor (DefaultGraphBuilder.java:342)
    at org.apache.maven.graph.DefaultGraphBuilder.build (DefaultGraphBuilder.java:76)
    at org.apache.maven.DefaultMaven.buildGraph (DefaultMaven.java:448)
    at org.apache.maven.DefaultMaven.doExecute (DefaultMaven.java:197)
    at org.apache.maven.DefaultMaven.doExecute (DefaultMaven.java:173)
    at org.apache.maven.DefaultMaven.execute (DefaultMaven.java:101)
    at org.apache.maven.cli.MavenCli.execute (MavenCli.java:906)
    at org.apache.maven.cli.MavenCli.doMain (MavenCli.java:283)
    at org.apache.maven.cli.MavenCli.main (MavenCli.java:206)
    at jdk.internal.reflect.DirectMethodHandleAccessor.invoke (DirectMethodHandleAccessor.java:104)
    at java.lang.reflect.Method.invoke (Method.java:565)
    at org.codehaus.plexus.classworlds.launcher.Launcher.launchEnhanced (Launcher.java:255)
    at org.codehaus.plexus.classworlds.launcher.Launcher.launch (Launcher.java:201)
    at org.codehaus.plexus.classworlds.launcher.Launcher.mainWithExitCode (Launcher.java:361)
    at org.codehaus.plexus.classworlds.launcher.Launcher.main (Launcher.java:314)
[ERROR]   
[ERROR]   The project com.productmanagement:product-management:1.0.0 (d:\VSC\KTPM\Assignment 2\KTPM\product-management-system\product-management-system\backend\pom.xml) has 1 error
[ERROR]     Malformed POM d:\VSC\KTPM\Assignment 2\KTPM\product-management-system\product-management-system\backend\pom.xml: Unrecognised tag: 'dependency' (position: START_TAG seen ...</build>\n\n    <dependency>... @74:17)  @ d:\VSC\KTPM\Assignment 2\KTPM\product-management-system\product-management-system\backend\pom.xml, line 74, column 17 -> [Help 2]
org.apache.maven.model.io.ModelParseException: Unrecognised tag: 'dependency' (position: START_TAG seen ...</build>\n\n    <dependency>... @74:17) 
    at org.apache.maven.model.io.DefaultModelReader.read (DefaultModelReader.java:96)
    at org.apache.maven.model.io.DefaultModelReader.read (DefaultModelReader.java:74)
    at org.apache.maven.model.building.DefaultModelProcessor.read (DefaultModelProcessor.java:99)
    at org.apache.maven.model.building.DefaultModelBuilder.readModel (DefaultModelBuilder.java:594)
    at org.apache.maven.model.building.DefaultModelBuilder.build (DefaultModelBuilder.java:262)
    at org.apache.maven.model.building.DefaultModelBuilder.build (DefaultModelBuilder.java:248)
    at org.apache.maven.project.DefaultProjectBuilder.build (DefaultProjectBuilder.java:447)
    at org.apache.maven.project.DefaultProjectBuilder.build (DefaultProjectBuilder.java:410)
    at org.apache.maven.project.DefaultProjectBuilder.build (DefaultProjectBuilder.java:367)
    at org.apache.maven.graph.DefaultGraphBuilder.collectProjects (DefaultGraphBuilder.java:351)
    at org.apache.maven.graph.DefaultGraphBuilder.getProjectsForMavenReactor (DefaultGraphBuilder.java:342)
    at org.apache.maven.graph.DefaultGraphBuilder.build (DefaultGraphBuilder.java:76)
    at org.apache.maven.DefaultMaven.buildGraph (DefaultMaven.java:448)
    at org.apache.maven.DefaultMaven.doExecute (DefaultMaven.java:197)
    at org.apache.maven.DefaultMaven.doExecute (DefaultMaven.java:173)
    at org.apache.maven.DefaultMaven.execute (DefaultMaven.java:101)
    at org.apache.maven.cli.MavenCli.execute (MavenCli.java:906)
    at org.apache.maven.cli.MavenCli.doMain (MavenCli.java:283)
    at org.apache.maven.cli.MavenCli.main (MavenCli.java:206)
    at jdk.internal.reflect.DirectMethodHandleAccessor.invoke (DirectMethodHandleAccessor.java:104)
    at java.lang.reflect.Method.invoke (Method.java:565)
    at org.codehaus.plexus.classworlds.launcher.Launcher.launchEnhanced (Launcher.java:255)
    at org.codehaus.plexus.classworlds.launcher.Launcher.launch (Launcher.java:201)
    at org.codehaus.plexus.classworlds.launcher.Launcher.mainWithExitCode (Launcher.java:361)
    at org.codehaus.plexus.classworlds.launcher.Launcher.main (Launcher.java:314)
Caused by: org.codehaus.plexus.util.xml.pull.XmlPullParserException: Unrecognised tag: 'dependency' (position: START_TAG seen ...</build>\n\n    <dependency>... @74:17) 
    at org.apache.maven.model.io.xpp3.MavenXpp3ReaderEx.checkUnknownElement (MavenXpp3ReaderEx.java:201)
    at org.apache.maven.model.io.xpp3.MavenXpp3ReaderEx.parseModel (MavenXpp3ReaderEx.java:2686)
    at org.apache.maven.model.io.xpp3.MavenXpp3ReaderEx.read (MavenXpp3ReaderEx.java:644)
    at org.apache.maven.model.io.xpp3.MavenXpp3ReaderEx.read (MavenXpp3ReaderEx.java:676)
    at org.apache.maven.model.io.DefaultModelReader.read (DefaultModelReader.java:91)
    at org.apache.maven.model.io.DefaultModelReader.read (DefaultModelReader.java:74)
    at org.apache.maven.model.building.DefaultModelProcessor.read (DefaultModelProcessor.java:99)
    at org.apache.maven.model.building.DefaultModelBuilder.readModel (DefaultModelBuilder.java:594)
    at org.apache.maven.model.building.DefaultModelBuilder.build (DefaultModelBuilder.java:262)
    at org.apache.maven.model.building.DefaultModelBuilder.build (DefaultModelBuilder.java:248)
    at org.apache.maven.project.DefaultProjectBuilder.build (DefaultProjectBuilder.java:447)
    at org.apache.maven.project.DefaultProjectBuilder.build (DefaultProjectBuilder.java:410)
    at org.apache.maven.project.DefaultProjectBuilder.build (DefaultProjectBuilder.java:367)
    at org.apache.maven.graph.DefaultGraphBuilder.collectProjects (DefaultGraphBuilder.java:351)
    at org.apache.maven.graph.DefaultGraphBuilder.getProjectsForMavenReactor (DefaultGraphBuilder.java:342)
    at org.apache.maven.graph.DefaultGraphBuilder.build (DefaultGraphBuilder.java:76)
    at org.apache.maven.DefaultMaven.buildGraph (DefaultMaven.java:448)
    at org.apache.maven.DefaultMaven.doExecute (DefaultMaven.java:197)
    at org.apache.maven.DefaultMaven.doExecute (DefaultMaven.java:173)
    at org.apache.maven.DefaultMaven.execute (DefaultMaven.java:101)
    at org.apache.maven.cli.MavenCli.execute (MavenCli.java:906)
    at org.apache.maven.cli.MavenCli.doMain (MavenCli.java:283)
    at org.apache.maven.cli.MavenCli.main (MavenCli.java:206)
    at jdk.internal.reflect.DirectMethodHandleAccessor.invoke (DirectMethodHandleAccessor.java:104)
    at java.lang.reflect.Method.invoke (Method.java:565)
    at org.codehaus.plexus.classworlds.launcher.Launcher.launchEnhanced (Launcher.java:255)
    at org.codehaus.plexus.classworlds.launcher.Launcher.launch (Launcher.java:201)
    at org.codehaus.plexus.classworlds.launcher.Launcher.mainWithExitCode (Launcher.java:361)
    at org.codehaus.plexus.classworlds.launcher.Launcher.main (Launcher.java:314)
[ERROR] 
[ERROR] Re-run Maven using the -X switch to enable full debug logging.
[ERROR] 
[ERROR] For more information about the errors and possible solutions, please read the following articles:
[ERROR] [Help 1] http://cwiki.apache.org/confluence/display/MAVEN/ProjectBuildingException
[ERROR] [Help 2] http://cwiki.apache.org/confluence/display/MAVEN/ModelParseException
